The target system is: Android - 1 - i686
The host system is: Linux - 5.8.0-43-generic - x86_64
Determining if the C compiler works passed with the following output:
Change Dir: /home/daneel/AndroidStudioProjects/libs/mbedtls/build/x86/CMakeFiles/CMakeTmp

Run Build Command:"/usr/bin/gmake" "cmTC_64804/fast"
/usr/bin/gmake -f CMakeFiles/cmTC_64804.dir/build.make CMakeFiles/cmTC_64804.dir/build
gmake[1]: Entering directory '/home/daneel/AndroidStudioProjects/libs/mbedtls/build/x86/CMakeFiles/CMakeTmp'
Building C object CMakeFiles/cmTC_64804.dir/testCCompiler.c.o
/home/daneel/Android/Sdk/ndk/21.1.6352462/toolchains/llvm/prebuilt/linux-x86_64/bin/clang --target=i686-none-linux-android16 --gcc-toolchain=/home/daneel/Android/Sdk/ndk/21.1.6352462/toolchains/llvm/prebuilt/linux-x86_64 --sysroot=/home/daneel/Android/Sdk/ndk/21.1.6352462/toolchains/llvm/prebuilt/linux-x86_64/sysroot   -g -DANDROID -fdata-sections -ffunction-sections -funwind-tables -fstack-protector-strong -no-canonical-prefixes -mstackrealign -D_FORTIFY_SOURCE=2 -Wformat -Werror=format-security   -fPIE   -o CMakeFiles/cmTC_64804.dir/testCCompiler.c.o   -c /home/daneel/AndroidStudioProjects/libs/mbedtls/build/x86/CMakeFiles/CMakeTmp/testCCompiler.c
Linking C executable cmTC_64804
/home/daneel/Android/Sdk/cmake/3.10.2.4988404/bin/cmake -E cmake_link_script CMakeFiles/cmTC_64804.dir/link.txt --verbose=1
/home/daneel/Android/Sdk/ndk/21.1.6352462/toolchains/llvm/prebuilt/linux-x86_64/bin/clang --target=i686-none-linux-android16 --gcc-toolchain=/home/daneel/Android/Sdk/ndk/21.1.6352462/toolchains/llvm/prebuilt/linux-x86_64 --sysroot=/home/daneel/Android/Sdk/ndk/21.1.6352462/toolchains/llvm/prebuilt/linux-x86_64/sysroot -g -DANDROID -fdata-sections -ffunction-sections -funwind-tables -fstack-protector-strong -no-canonical-prefixes -mstackrealign -D_FORTIFY_SOURCE=2 -Wformat -Werror=format-security    -Wl,--exclude-libs,libgcc.a -Wl,--exclude-libs,libgcc_real.a -Wl,--exclude-libs,libatomic.a -static-libstdc++ -Wl,--build-id -Wl,--fatal-warnings -Wl,--no-undefined -Qunused-arguments -Wl,--gc-sections   CMakeFiles/cmTC_64804.dir/testCCompiler.c.o  -o cmTC_64804 -latomic -lm 
gmake[1]: Leaving directory '/home/daneel/AndroidStudioProjects/libs/mbedtls/build/x86/CMakeFiles/CMakeTmp'


Detecting C compiler ABI info compiled with the following output:
Change Dir: /home/daneel/AndroidStudioProjects/libs/mbedtls/build/x86/CMakeFiles/CMakeTmp

Run Build Command:"/usr/bin/gmake" "cmTC_200df/fast"
/usr/bin/gmake -f CMakeFiles/cmTC_200df.dir/build.make CMakeFiles/cmTC_200df.dir/build
gmake[1]: Entering directory '/home/daneel/AndroidStudioProjects/libs/mbedtls/build/x86/CMakeFiles/CMakeTmp'
Building C object CMakeFiles/cmTC_200df.dir/CMakeCCompilerABI.c.o
/home/daneel/Android/Sdk/ndk/21.1.6352462/toolchains/llvm/prebuilt/linux-x86_64/bin/clang --target=i686-none-linux-android16 --gcc-toolchain=/home/daneel/Android/Sdk/ndk/21.1.6352462/toolchains/llvm/prebuilt/linux-x86_64 --sysroot=/home/daneel/Android/Sdk/ndk/21.1.6352462/toolchains/llvm/prebuilt/linux-x86_64/sysroot   -g -DANDROID -fdata-sections -ffunction-sections -funwind-tables -fstack-protector-strong -no-canonical-prefixes -mstackrealign -D_FORTIFY_SOURCE=2 -Wformat -Werror=format-security   -fPIE   -o CMakeFiles/cmTC_200df.dir/CMakeCCompilerABI.c.o   -c /home/daneel/Android/Sdk/cmake/3.10.2.4988404/share/cmake-3.10/Modules/CMakeCCompilerABI.c
Linking C executable cmTC_200df
/home/daneel/Android/Sdk/cmake/3.10.2.4988404/bin/cmake -E cmake_link_script CMakeFiles/cmTC_200df.dir/link.txt --verbose=1
/home/daneel/Android/Sdk/ndk/21.1.6352462/toolchains/llvm/prebuilt/linux-x86_64/bin/clang --target=i686-none-linux-android16 --gcc-toolchain=/home/daneel/Android/Sdk/ndk/21.1.6352462/toolchains/llvm/prebuilt/linux-x86_64 --sysroot=/home/daneel/Android/Sdk/ndk/21.1.6352462/toolchains/llvm/prebuilt/linux-x86_64/sysroot -g -DANDROID -fdata-sections -ffunction-sections -funwind-tables -fstack-protector-strong -no-canonical-prefixes -mstackrealign -D_FORTIFY_SOURCE=2 -Wformat -Werror=format-security    -Wl,--exclude-libs,libgcc.a -Wl,--exclude-libs,libgcc_real.a -Wl,--exclude-libs,libatomic.a -static-libstdc++ -Wl,--build-id -Wl,--fatal-warnings -Wl,--no-undefined -Qunused-arguments -Wl,--gc-sections  -v CMakeFiles/cmTC_200df.dir/CMakeCCompilerABI.c.o  -o cmTC_200df 
Android (6317467 based on r365631c1) clang version 9.0.8 (https://android.googlesource.com/toolchain/llvm-project e0caee08e5f09b374a27a676d04978c81fcb1928) (based on LLVM 9.0.8svn)
Target: i686-none-linux-android16
Thread model: posix
InstalledDir: /home/daneel/Android/Sdk/ndk/21.1.6352462/toolchains/llvm/prebuilt/linux-x86_64/bin
Found candidate GCC installation: /home/daneel/Android/Sdk/ndk/21.1.6352462/toolchains/llvm/prebuilt/linux-x86_64/lib/gcc/i686-linux-android/4.9.x
Found candidate GCC installation: /home/daneel/Android/Sdk/ndk/21.1.6352462/toolchains/llvm/prebuilt/linux-x86_64/lib/gcc/x86_64-linux-android/4.9.x
Selected GCC installation: /home/daneel/Android/Sdk/ndk/21.1.6352462/toolchains/llvm/prebuilt/linux-x86_64/lib/gcc/i686-linux-android/4.9.x
Candidate multilib: .;@m32
Selected multilib: .;@m32
 "/home/daneel/Android/Sdk/ndk/21.1.6352462/toolchains/llvm/prebuilt/linux-x86_64/lib/gcc/i686-linux-android/4.9.x/../../../../i686-linux-android/bin/ld" --sysroot=/home/daneel/Android/Sdk/ndk/21.1.6352462/toolchains/llvm/prebuilt/linux-x86_64/sysroot -pie -z noexecstack --warn-shared-textrel -z now -z relro --hash-style=both --enable-new-dtags --eh-frame-hdr -m elf_i386 -dynamic-linker /system/bin/linker -o cmTC_200df /home/daneel/Android/Sdk/ndk/21.1.6352462/toolchains/llvm/prebuilt/linux-x86_64/sysroot/usr/lib/i686-linux-android/16/crtbegin_dynamic.o -L/home/daneel/Android/Sdk/ndk/21.1.6352462/toolchains/llvm/prebuilt/linux-x86_64/lib64/clang/9.0.8/lib/linux/i386 -L/home/daneel/Android/Sdk/ndk/21.1.6352462/toolchains/llvm/prebuilt/linux-x86_64/lib/gcc/i686-linux-android/4.9.x -L/home/daneel/Android/Sdk/ndk/21.1.6352462/toolchains/llvm/prebuilt/linux-x86_64/sysroot/usr/lib/i686-linux-android/16 -L/home/daneel/Android/Sdk/ndk/21.1.6352462/toolchains/llvm/prebuilt/linux-x86_64/sysroot/usr/lib/i686-linux-android -L/home/daneel/Android/Sdk/ndk/21.1.6352462/toolchains/llvm/prebuilt/linux-x86_64/lib/gcc/i686-linux-android/4.9.x/../../../../i686-linux-android/lib -L/home/daneel/Android/Sdk/ndk/21.1.6352462/toolchains/llvm/prebuilt/linux-x86_64/sysroot/usr/lib --exclude-libs libgcc.a --exclude-libs libgcc_real.a --exclude-libs libatomic.a --build-id --fatal-warnings --no-undefined --gc-sections CMakeFiles/cmTC_200df.dir/CMakeCCompilerABI.c.o -lgcc -ldl -lc -lgcc -ldl /home/daneel/Android/Sdk/ndk/21.1.6352462/toolchains/llvm/prebuilt/linux-x86_64/sysroot/usr/lib/i686-linux-android/16/crtend_android.o
gmake[1]: Leaving directory '/home/daneel/AndroidStudioProjects/libs/mbedtls/build/x86/CMakeFiles/CMakeTmp'


Parsed C implicit link information from above output:
  link line regex: [^( *|.*[/\])(i686-linux-android-ld|CMAKE_LINK_STARTFILE-NOTFOUND|([^/\]+-)?ld|collect2)[^/\]*( |$)]
  ignore line: [Change Dir: /home/daneel/AndroidStudioProjects/libs/mbedtls/build/x86/CMakeFiles/CMakeTmp]
  ignore line: []
  ignore line: [Run Build Command:"/usr/bin/gmake" "cmTC_200df/fast"]
  ignore line: [/usr/bin/gmake -f CMakeFiles/cmTC_200df.dir/build.make CMakeFiles/cmTC_200df.dir/build]
  ignore line: [gmake[1]: Entering directory '/home/daneel/AndroidStudioProjects/libs/mbedtls/build/x86/CMakeFiles/CMakeTmp']
  ignore line: [Building C object CMakeFiles/cmTC_200df.dir/CMakeCCompilerABI.c.o]
  ignore line: [/home/daneel/Android/Sdk/ndk/21.1.6352462/toolchains/llvm/prebuilt/linux-x86_64/bin/clang --target=i686-none-linux-android16 --gcc-toolchain=/home/daneel/Android/Sdk/ndk/21.1.6352462/toolchains/llvm/prebuilt/linux-x86_64 --sysroot=/home/daneel/Android/Sdk/ndk/21.1.6352462/toolchains/llvm/prebuilt/linux-x86_64/sysroot   -g -DANDROID -fdata-sections -ffunction-sections -funwind-tables -fstack-protector-strong -no-canonical-prefixes -mstackrealign -D_FORTIFY_SOURCE=2 -Wformat -Werror=format-security   -fPIE   -o CMakeFiles/cmTC_200df.dir/CMakeCCompilerABI.c.o   -c /home/daneel/Android/Sdk/cmake/3.10.2.4988404/share/cmake-3.10/Modules/CMakeCCompilerABI.c]
  ignore line: [Linking C executable cmTC_200df]
  ignore line: [/home/daneel/Android/Sdk/cmake/3.10.2.4988404/bin/cmake -E cmake_link_script CMakeFiles/cmTC_200df.dir/link.txt --verbose=1]
  ignore line: [/home/daneel/Android/Sdk/ndk/21.1.6352462/toolchains/llvm/prebuilt/linux-x86_64/bin/clang --target=i686-none-linux-android16 --gcc-toolchain=/home/daneel/Android/Sdk/ndk/21.1.6352462/toolchains/llvm/prebuilt/linux-x86_64 --sysroot=/home/daneel/Android/Sdk/ndk/21.1.6352462/toolchains/llvm/prebuilt/linux-x86_64/sysroot -g -DANDROID -fdata-sections -ffunction-sections -funwind-tables -fstack-protector-strong -no-canonical-prefixes -mstackrealign -D_FORTIFY_SOURCE=2 -Wformat -Werror=format-security    -Wl,--exclude-libs,libgcc.a -Wl,--exclude-libs,libgcc_real.a -Wl,--exclude-libs,libatomic.a -static-libstdc++ -Wl,--build-id -Wl,--fatal-warnings -Wl,--no-undefined -Qunused-arguments -Wl,--gc-sections  -v CMakeFiles/cmTC_200df.dir/CMakeCCompilerABI.c.o  -o cmTC_200df ]
  ignore line: [Android (6317467 based on r365631c1) clang version 9.0.8 (https://android.googlesource.com/toolchain/llvm-project e0caee08e5f09b374a27a676d04978c81fcb1928) (based on LLVM 9.0.8svn)]
  ignore line: [Target: i686-none-linux-android16]
  ignore line: [Thread model: posix]
  ignore line: [InstalledDir: /home/daneel/Android/Sdk/ndk/21.1.6352462/toolchains/llvm/prebuilt/linux-x86_64/bin]
  ignore line: [Found candidate GCC installation: /home/daneel/Android/Sdk/ndk/21.1.6352462/toolchains/llvm/prebuilt/linux-x86_64/lib/gcc/i686-linux-android/4.9.x]
  ignore line: [Found candidate GCC installation: /home/daneel/Android/Sdk/ndk/21.1.6352462/toolchains/llvm/prebuilt/linux-x86_64/lib/gcc/x86_64-linux-android/4.9.x]
  ignore line: [Selected GCC installation: /home/daneel/Android/Sdk/ndk/21.1.6352462/toolchains/llvm/prebuilt/linux-x86_64/lib/gcc/i686-linux-android/4.9.x]
  ignore line: [Candidate multilib: .]
  ignore line: [@m32]
  ignore line: [Selected multilib: .]
  ignore line: [@m32]
  link line: [ "/home/daneel/Android/Sdk/ndk/21.1.6352462/toolchains/llvm/prebuilt/linux-x86_64/lib/gcc/i686-linux-android/4.9.x/../../../../i686-linux-android/bin/ld" --sysroot=/home/daneel/Android/Sdk/ndk/21.1.6352462/toolchains/llvm/prebuilt/linux-x86_64/sysroot -pie -z noexecstack --warn-shared-textrel -z now -z relro --hash-style=both --enable-new-dtags --eh-frame-hdr -m elf_i386 -dynamic-linker /system/bin/linker -o cmTC_200df /home/daneel/Android/Sdk/ndk/21.1.6352462/toolchains/llvm/prebuilt/linux-x86_64/sysroot/usr/lib/i686-linux-android/16/crtbegin_dynamic.o -L/home/daneel/Android/Sdk/ndk/21.1.6352462/toolchains/llvm/prebuilt/linux-x86_64/lib64/clang/9.0.8/lib/linux/i386 -L/home/daneel/Android/Sdk/ndk/21.1.6352462/toolchains/llvm/prebuilt/linux-x86_64/lib/gcc/i686-linux-android/4.9.x -L/home/daneel/Android/Sdk/ndk/21.1.6352462/toolchains/llvm/prebuilt/linux-x86_64/sysroot/usr/lib/i686-linux-android/16 -L/home/daneel/Android/Sdk/ndk/21.1.6352462/toolchains/llvm/prebuilt/linux-x86_64/sysroot/usr/lib/i686-linux-android -L/home/daneel/Android/Sdk/ndk/21.1.6352462/toolchains/llvm/prebuilt/linux-x86_64/lib/gcc/i686-linux-android/4.9.x/../../../../i686-linux-android/lib -L/home/daneel/Android/Sdk/ndk/21.1.6352462/toolchains/llvm/prebuilt/linux-x86_64/sysroot/usr/lib --exclude-libs libgcc.a --exclude-libs libgcc_real.a --exclude-libs libatomic.a --build-id --fatal-warnings --no-undefined --gc-sections CMakeFiles/cmTC_200df.dir/CMakeCCompilerABI.c.o -lgcc -ldl -lc -lgcc -ldl /home/daneel/Android/Sdk/ndk/21.1.6352462/toolchains/llvm/prebuilt/linux-x86_64/sysroot/usr/lib/i686-linux-android/16/crtend_android.o]
    arg [/home/daneel/Android/Sdk/ndk/21.1.6352462/toolchains/llvm/prebuilt/linux-x86_64/lib/gcc/i686-linux-android/4.9.x/../../../../i686-linux-android/bin/ld] ==> ignore
    arg [--sysroot=/home/daneel/Android/Sdk/ndk/21.1.6352462/toolchains/llvm/prebuilt/linux-x86_64/sysroot] ==> ignore
    arg [-pie] ==> ignore
    arg [-znoexecstack] ==> ignore
    arg [--warn-shared-textrel] ==> ignore
    arg [-znow] ==> ignore
    arg [-zrelro] ==> ignore
    arg [--hash-style=both] ==> ignore
    arg [--enable-new-dtags] ==> ignore
    arg [--eh-frame-hdr] ==> ignore
    arg [-m] ==> ignore
    arg [elf_i386] ==> ignore
    arg [-dynamic-linker] ==> ignore
    arg [/system/bin/linker] ==> ignore
    arg [-o] ==> ignore
    arg [cmTC_200df] ==> ignore
    arg [/home/daneel/Android/Sdk/ndk/21.1.6352462/toolchains/llvm/prebuilt/linux-x86_64/sysroot/usr/lib/i686-linux-android/16/crtbegin_dynamic.o] ==> ignore
    arg [-L/home/daneel/Android/Sdk/ndk/21.1.6352462/toolchains/llvm/prebuilt/linux-x86_64/lib64/clang/9.0.8/lib/linux/i386] ==> dir [/home/daneel/Android/Sdk/ndk/21.1.6352462/toolchains/llvm/prebuilt/linux-x86_64/lib64/clang/9.0.8/lib/linux/i386]
    arg [-L/home/daneel/Android/Sdk/ndk/21.1.6352462/toolchains/llvm/prebuilt/linux-x86_64/lib/gcc/i686-linux-android/4.9.x] ==> dir [/home/daneel/Android/Sdk/ndk/21.1.6352462/toolchains/llvm/prebuilt/linux-x86_64/lib/gcc/i686-linux-android/4.9.x]
    arg [-L/home/daneel/Android/Sdk/ndk/21.1.6352462/toolchains/llvm/prebuilt/linux-x86_64/sysroot/usr/lib/i686-linux-android/16] ==> dir [/home/daneel/Android/Sdk/ndk/21.1.6352462/toolchains/llvm/prebuilt/linux-x86_64/sysroot/usr/lib/i686-linux-android/16]
    arg [-L/home/daneel/Android/Sdk/ndk/21.1.6352462/toolchains/llvm/prebuilt/linux-x86_64/sysroot/usr/lib/i686-linux-android] ==> dir [/home/daneel/Android/Sdk/ndk/21.1.6352462/toolchains/llvm/prebuilt/linux-x86_64/sysroot/usr/lib/i686-linux-android]
    arg [-L/home/daneel/Android/Sdk/ndk/21.1.6352462/toolchains/llvm/prebuilt/linux-x86_64/lib/gcc/i686-linux-android/4.9.x/../../../../i686-linux-android/lib] ==> dir [/home/daneel/Android/Sdk/ndk/21.1.6352462/toolchains/llvm/prebuilt/linux-x86_64/lib/gcc/i686-linux-android/4.9.x/../../../../i686-linux-android/lib]
    arg [-L/home/daneel/Android/Sdk/ndk/21.1.6352462/toolchains/llvm/prebuilt/linux-x86_64/sysroot/usr/lib] ==> dir [/home/daneel/Android/Sdk/ndk/21.1.6352462/toolchains/llvm/prebuilt/linux-x86_64/sysroot/usr/lib]
    arg [--exclude-libs] ==> ignore
    arg [libgcc.a] ==> ignore
    arg [--exclude-libs] ==> ignore
    arg [libgcc_real.a] ==> ignore
    arg [--exclude-libs] ==> ignore
    arg [libatomic.a] ==> ignore
    arg [--build-id] ==> ignore
    arg [--fatal-warnings] ==> ignore
    arg [--no-undefined] ==> ignore
    arg [--gc-sections] ==> ignore
    arg [CMakeFiles/cmTC_200df.dir/CMakeCCompilerABI.c.o] ==> ignore
    arg [-lgcc] ==> lib [gcc]
    arg [-ldl] ==> lib [dl]
    arg [-lc] ==> lib [c]
    arg [-lgcc] ==> lib [gcc]
    arg [-ldl] ==> lib [dl]
    arg [/home/daneel/Android/Sdk/ndk/21.1.6352462/toolchains/llvm/prebuilt/linux-x86_64/sysroot/usr/lib/i686-linux-android/16/crtend_android.o] ==> ignore
  collapse library dir [/home/daneel/Android/Sdk/ndk/21.1.6352462/toolchains/llvm/prebuilt/linux-x86_64/lib64/clang/9.0.8/lib/linux/i386] ==> [/home/daneel/Android/Sdk/ndk/21.1.6352462/toolchains/llvm/prebuilt/linux-x86_64/lib64/clang/9.0.8/lib/linux/i386]
  collapse library dir [/home/daneel/Android/Sdk/ndk/21.1.6352462/toolchains/llvm/prebuilt/linux-x86_64/lib/gcc/i686-linux-android/4.9.x] ==> [/home/daneel/Android/Sdk/ndk/21.1.6352462/toolchains/llvm/prebuilt/linux-x86_64/lib/gcc/i686-linux-android/4.9.x]
  collapse library dir [/home/daneel/Android/Sdk/ndk/21.1.6352462/toolchains/llvm/prebuilt/linux-x86_64/sysroot/usr/lib/i686-linux-android/16] ==> [/home/daneel/Android/Sdk/ndk/21.1.6352462/toolchains/llvm/prebuilt/linux-x86_64/sysroot/usr/lib/i686-linux-android/16]
  collapse library dir [/home/daneel/Android/Sdk/ndk/21.1.6352462/toolchains/llvm/prebuilt/linux-x86_64/sysroot/usr/lib/i686-linux-android] ==> [/home/daneel/Android/Sdk/ndk/21.1.6352462/toolchains/llvm/prebuilt/linux-x86_64/sysroot/usr/lib/i686-linux-android]
  collapse library dir [/home/daneel/Android/Sdk/ndk/21.1.6352462/toolchains/llvm/prebuilt/linux-x86_64/lib/gcc/i686-linux-android/4.9.x/../../../../i686-linux-android/lib] ==> [/home/daneel/Android/Sdk/ndk/21.1.6352462/toolchains/llvm/prebuilt/linux-x86_64/i686-linux-android/lib]
  collapse library dir [/home/daneel/Android/Sdk/ndk/21.1.6352462/toolchains/llvm/prebuilt/linux-x86_64/sysroot/usr/lib] ==> [/home/daneel/Android/Sdk/ndk/21.1.6352462/toolchains/llvm/prebuilt/linux-x86_64/sysroot/usr/lib]
  implicit libs: [gcc;dl;c;gcc;dl]
  implicit dirs: [/home/daneel/Android/Sdk/ndk/21.1.6352462/toolchains/llvm/prebuilt/linux-x86_64/lib64/clang/9.0.8/lib/linux/i386;/home/daneel/Android/Sdk/ndk/21.1.6352462/toolchains/llvm/prebuilt/linux-x86_64/lib/gcc/i686-linux-android/4.9.x;/home/daneel/Android/Sdk/ndk/21.1.6352462/toolchains/llvm/prebuilt/linux-x86_64/sysroot/usr/lib/i686-linux-android/16;/home/daneel/Android/Sdk/ndk/21.1.6352462/toolchains/llvm/prebuilt/linux-x86_64/sysroot/usr/lib/i686-linux-android;/home/daneel/Android/Sdk/ndk/21.1.6352462/toolchains/llvm/prebuilt/linux-x86_64/i686-linux-android/lib;/home/daneel/Android/Sdk/ndk/21.1.6352462/toolchains/llvm/prebuilt/linux-x86_64/sysroot/usr/lib]
  implicit fwks: []




Detecting C [-std=c11] compiler features compiled with the following output:
Change Dir: /home/daneel/AndroidStudioProjects/libs/mbedtls/build/x86/CMakeFiles/CMakeTmp

Run Build Command:"/usr/bin/gmake" "cmTC_9153b/fast"
/usr/bin/gmake -f CMakeFiles/cmTC_9153b.dir/build.make CMakeFiles/cmTC_9153b.dir/build
gmake[1]: Entering directory '/home/daneel/AndroidStudioProjects/libs/mbedtls/build/x86/CMakeFiles/CMakeTmp'
Building C object CMakeFiles/cmTC_9153b.dir/feature_tests.c.o
/home/daneel/Android/Sdk/ndk/21.1.6352462/toolchains/llvm/prebuilt/linux-x86_64/bin/clang --target=i686-none-linux-android16 --gcc-toolchain=/home/daneel/Android/Sdk/ndk/21.1.6352462/toolchains/llvm/prebuilt/linux-x86_64 --sysroot=/home/daneel/Android/Sdk/ndk/21.1.6352462/toolchains/llvm/prebuilt/linux-x86_64/sysroot   -g -DANDROID -fdata-sections -ffunction-sections -funwind-tables -fstack-protector-strong -no-canonical-prefixes -mstackrealign -D_FORTIFY_SOURCE=2 -Wformat -Werror=format-security   -fPIE   -std=c11 -o CMakeFiles/cmTC_9153b.dir/feature_tests.c.o   -c /home/daneel/AndroidStudioProjects/libs/mbedtls/build/x86/CMakeFiles/feature_tests.c
Linking C executable cmTC_9153b
/home/daneel/Android/Sdk/cmake/3.10.2.4988404/bin/cmake -E cmake_link_script CMakeFiles/cmTC_9153b.dir/link.txt --verbose=1
/home/daneel/Android/Sdk/ndk/21.1.6352462/toolchains/llvm/prebuilt/linux-x86_64/bin/clang --target=i686-none-linux-android16 --gcc-toolchain=/home/daneel/Android/Sdk/ndk/21.1.6352462/toolchains/llvm/prebuilt/linux-x86_64 --sysroot=/home/daneel/Android/Sdk/ndk/21.1.6352462/toolchains/llvm/prebuilt/linux-x86_64/sysroot -g -DANDROID -fdata-sections -ffunction-sections -funwind-tables -fstack-protector-strong -no-canonical-prefixes -mstackrealign -D_FORTIFY_SOURCE=2 -Wformat -Werror=format-security    -Wl,--exclude-libs,libgcc.a -Wl,--exclude-libs,libgcc_real.a -Wl,--exclude-libs,libatomic.a -static-libstdc++ -Wl,--build-id -Wl,--fatal-warnings -Wl,--no-undefined -Qunused-arguments -Wl,--gc-sections   CMakeFiles/cmTC_9153b.dir/feature_tests.c.o  -o cmTC_9153b -latomic -lm 
gmake[1]: Leaving directory '/home/daneel/AndroidStudioProjects/libs/mbedtls/build/x86/CMakeFiles/CMakeTmp'


    Feature record: C_FEATURE:1c_function_prototypes
    Feature record: C_FEATURE:1c_restrict
    Feature record: C_FEATURE:1c_static_assert
    Feature record: C_FEATURE:1c_variadic_macros


Detecting C [-std=c99] compiler features compiled with the following output:
Change Dir: /home/daneel/AndroidStudioProjects/libs/mbedtls/build/x86/CMakeFiles/CMakeTmp

Run Build Command:"/usr/bin/gmake" "cmTC_c8499/fast"
/usr/bin/gmake -f CMakeFiles/cmTC_c8499.dir/build.make CMakeFiles/cmTC_c8499.dir/build
gmake[1]: Entering directory '/home/daneel/AndroidStudioProjects/libs/mbedtls/build/x86/CMakeFiles/CMakeTmp'
Building C object CMakeFiles/cmTC_c8499.dir/feature_tests.c.o
/home/daneel/Android/Sdk/ndk/21.1.6352462/toolchains/llvm/prebuilt/linux-x86_64/bin/clang --target=i686-none-linux-android16 --gcc-toolchain=/home/daneel/Android/Sdk/ndk/21.1.6352462/toolchains/llvm/prebuilt/linux-x86_64 --sysroot=/home/daneel/Android/Sdk/ndk/21.1.6352462/toolchains/llvm/prebuilt/linux-x86_64/sysroot   -g -DANDROID -fdata-sections -ffunction-sections -funwind-tables -fstack-protector-strong -no-canonical-prefixes -mstackrealign -D_FORTIFY_SOURCE=2 -Wformat -Werror=format-security   -fPIE   -std=c99 -o CMakeFiles/cmTC_c8499.dir/feature_tests.c.o   -c /home/daneel/AndroidStudioProjects/libs/mbedtls/build/x86/CMakeFiles/feature_tests.c
Linking C executable cmTC_c8499
/home/daneel/Android/Sdk/cmake/3.10.2.4988404/bin/cmake -E cmake_link_script CMakeFiles/cmTC_c8499.dir/link.txt --verbose=1
/home/daneel/Android/Sdk/ndk/21.1.6352462/toolchains/llvm/prebuilt/linux-x86_64/bin/clang --target=i686-none-linux-android16 --gcc-toolchain=/home/daneel/Android/Sdk/ndk/21.1.6352462/toolchains/llvm/prebuilt/linux-x86_64 --sysroot=/home/daneel/Android/Sdk/ndk/21.1.6352462/toolchains/llvm/prebuilt/linux-x86_64/sysroot -g -DANDROID -fdata-sections -ffunction-sections -funwind-tables -fstack-protector-strong -no-canonical-prefixes -mstackrealign -D_FORTIFY_SOURCE=2 -Wformat -Werror=format-security    -Wl,--exclude-libs,libgcc.a -Wl,--exclude-libs,libgcc_real.a -Wl,--exclude-libs,libatomic.a -static-libstdc++ -Wl,--build-id -Wl,--fatal-warnings -Wl,--no-undefined -Qunused-arguments -Wl,--gc-sections   CMakeFiles/cmTC_c8499.dir/feature_tests.c.o  -o cmTC_c8499 -latomic -lm 
gmake[1]: Leaving directory '/home/daneel/AndroidStudioProjects/libs/mbedtls/build/x86/CMakeFiles/CMakeTmp'


    Feature record: C_FEATURE:1c_function_prototypes
    Feature record: C_FEATURE:1c_restrict
    Feature record: C_FEATURE:0c_static_assert
    Feature record: C_FEATURE:1c_variadic_macros


Detecting C [-std=c90] compiler features compiled with the following output:
Change Dir: /home/daneel/AndroidStudioProjects/libs/mbedtls/build/x86/CMakeFiles/CMakeTmp

Run Build Command:"/usr/bin/gmake" "cmTC_69827/fast"
/usr/bin/gmake -f CMakeFiles/cmTC_69827.dir/build.make CMakeFiles/cmTC_69827.dir/build
gmake[1]: Entering directory '/home/daneel/AndroidStudioProjects/libs/mbedtls/build/x86/CMakeFiles/CMakeTmp'
Building C object CMakeFiles/cmTC_69827.dir/feature_tests.c.o
/home/daneel/Android/Sdk/ndk/21.1.6352462/toolchains/llvm/prebuilt/linux-x86_64/bin/clang --target=i686-none-linux-android16 --gcc-toolchain=/home/daneel/Android/Sdk/ndk/21.1.6352462/toolchains/llvm/prebuilt/linux-x86_64 --sysroot=/home/daneel/Android/Sdk/ndk/21.1.6352462/toolchains/llvm/prebuilt/linux-x86_64/sysroot   -g -DANDROID -fdata-sections -ffunction-sections -funwind-tables -fstack-protector-strong -no-canonical-prefixes -mstackrealign -D_FORTIFY_SOURCE=2 -Wformat -Werror=format-security   -fPIE   -std=c90 -o CMakeFiles/cmTC_69827.dir/feature_tests.c.o   -c /home/daneel/AndroidStudioProjects/libs/mbedtls/build/x86/CMakeFiles/feature_tests.c
Linking C executable cmTC_69827
/home/daneel/Android/Sdk/cmake/3.10.2.4988404/bin/cmake -E cmake_link_script CMakeFiles/cmTC_69827.dir/link.txt --verbose=1
/home/daneel/Android/Sdk/ndk/21.1.6352462/toolchains/llvm/prebuilt/linux-x86_64/bin/clang --target=i686-none-linux-android16 --gcc-toolchain=/home/daneel/Android/Sdk/ndk/21.1.6352462/toolchains/llvm/prebuilt/linux-x86_64 --sysroot=/home/daneel/Android/Sdk/ndk/21.1.6352462/toolchains/llvm/prebuilt/linux-x86_64/sysroot -g -DANDROID -fdata-sections -ffunction-sections -funwind-tables -fstack-protector-strong -no-canonical-prefixes -mstackrealign -D_FORTIFY_SOURCE=2 -Wformat -Werror=format-security    -Wl,--exclude-libs,libgcc.a -Wl,--exclude-libs,libgcc_real.a -Wl,--exclude-libs,libatomic.a -static-libstdc++ -Wl,--build-id -Wl,--fatal-warnings -Wl,--no-undefined -Qunused-arguments -Wl,--gc-sections   CMakeFiles/cmTC_69827.dir/feature_tests.c.o  -o cmTC_69827 -latomic -lm 
gmake[1]: Leaving directory '/home/daneel/AndroidStudioProjects/libs/mbedtls/build/x86/CMakeFiles/CMakeTmp'


    Feature record: C_FEATURE:1c_function_prototypes
    Feature record: C_FEATURE:0c_restrict
    Feature record: C_FEATURE:0c_static_assert
    Feature record: C_FEATURE:0c_variadic_macros
Determining if the include file pthread.h exists passed with the following output:
Change Dir: /home/daneel/AndroidStudioProjects/libs/mbedtls/build/x86/CMakeFiles/CMakeTmp

Run Build Command:"/usr/bin/gmake" "cmTC_7ed95/fast"
/usr/bin/gmake -f CMakeFiles/cmTC_7ed95.dir/build.make CMakeFiles/cmTC_7ed95.dir/build
gmake[1]: Entering directory '/home/daneel/AndroidStudioProjects/libs/mbedtls/build/x86/CMakeFiles/CMakeTmp'
Building C object CMakeFiles/cmTC_7ed95.dir/CheckIncludeFile.c.o
/home/daneel/Android/Sdk/ndk/21.1.6352462/toolchains/llvm/prebuilt/linux-x86_64/bin/clang --target=i686-none-linux-android16 --gcc-toolchain=/home/daneel/Android/Sdk/ndk/21.1.6352462/toolchains/llvm/prebuilt/linux-x86_64 --sysroot=/home/daneel/Android/Sdk/ndk/21.1.6352462/toolchains/llvm/prebuilt/linux-x86_64/sysroot   -g -DANDROID -fdata-sections -ffunction-sections -funwind-tables -fstack-protector-strong -no-canonical-prefixes -mstackrealign -D_FORTIFY_SOURCE=2 -Wformat -Werror=format-security  -Wall -Wextra -Wwrite-strings -Wpointer-arith -Wimplicit-fallthrough -Wshadow -Wvla -Werror  -fPIE   -o CMakeFiles/cmTC_7ed95.dir/CheckIncludeFile.c.o   -c /home/daneel/AndroidStudioProjects/libs/mbedtls/build/x86/CMakeFiles/CMakeTmp/CheckIncludeFile.c
Linking C executable cmTC_7ed95
/home/daneel/Android/Sdk/cmake/3.10.2.4988404/bin/cmake -E cmake_link_script CMakeFiles/cmTC_7ed95.dir/link.txt --verbose=1
/home/daneel/Android/Sdk/ndk/21.1.6352462/toolchains/llvm/prebuilt/linux-x86_64/bin/clang --target=i686-none-linux-android16 --gcc-toolchain=/home/daneel/Android/Sdk/ndk/21.1.6352462/toolchains/llvm/prebuilt/linux-x86_64 --sysroot=/home/daneel/Android/Sdk/ndk/21.1.6352462/toolchains/llvm/prebuilt/linux-x86_64/sysroot -g -DANDROID -fdata-sections -ffunction-sections -funwind-tables -fstack-protector-strong -no-canonical-prefixes -mstackrealign -D_FORTIFY_SOURCE=2 -Wformat -Werror=format-security  -Wall -Wextra -Wwrite-strings -Wpointer-arith -Wimplicit-fallthrough -Wshadow -Wvla -Werror   -Wl,--exclude-libs,libgcc.a -Wl,--exclude-libs,libgcc_real.a -Wl,--exclude-libs,libatomic.a -static-libstdc++ -Wl,--build-id -Wl,--fatal-warnings -Wl,--no-undefined -Qunused-arguments -Wl,--gc-sections   CMakeFiles/cmTC_7ed95.dir/CheckIncludeFile.c.o  -o cmTC_7ed95 -latomic -lm 
gmake[1]: Leaving directory '/home/daneel/AndroidStudioProjects/libs/mbedtls/build/x86/CMakeFiles/CMakeTmp'


Determining if the pthread_create exist passed with the following output:
Change Dir: /home/daneel/AndroidStudioProjects/libs/mbedtls/build/x86/CMakeFiles/CMakeTmp

Run Build Command:"/usr/bin/gmake" "cmTC_6ce06/fast"
/usr/bin/gmake -f CMakeFiles/cmTC_6ce06.dir/build.make CMakeFiles/cmTC_6ce06.dir/build
gmake[1]: Entering directory '/home/daneel/AndroidStudioProjects/libs/mbedtls/build/x86/CMakeFiles/CMakeTmp'
Building C object CMakeFiles/cmTC_6ce06.dir/CheckSymbolExists.c.o
/home/daneel/Android/Sdk/ndk/21.1.6352462/toolchains/llvm/prebuilt/linux-x86_64/bin/clang --target=i686-none-linux-android16 --gcc-toolchain=/home/daneel/Android/Sdk/ndk/21.1.6352462/toolchains/llvm/prebuilt/linux-x86_64 --sysroot=/home/daneel/Android/Sdk/ndk/21.1.6352462/toolchains/llvm/prebuilt/linux-x86_64/sysroot   -g -DANDROID -fdata-sections -ffunction-sections -funwind-tables -fstack-protector-strong -no-canonical-prefixes -mstackrealign -D_FORTIFY_SOURCE=2 -Wformat -Werror=format-security  -Wall -Wextra -Wwrite-strings -Wpointer-arith -Wimplicit-fallthrough -Wshadow -Wvla -Werror  -fPIE   -o CMakeFiles/cmTC_6ce06.dir/CheckSymbolExists.c.o   -c /home/daneel/AndroidStudioProjects/libs/mbedtls/build/x86/CMakeFiles/CMakeTmp/CheckSymbolExists.c
Linking C executable cmTC_6ce06
/home/daneel/Android/Sdk/cmake/3.10.2.4988404/bin/cmake -E cmake_link_script CMakeFiles/cmTC_6ce06.dir/link.txt --verbose=1
/home/daneel/Android/Sdk/ndk/21.1.6352462/toolchains/llvm/prebuilt/linux-x86_64/bin/clang --target=i686-none-linux-android16 --gcc-toolchain=/home/daneel/Android/Sdk/ndk/21.1.6352462/toolchains/llvm/prebuilt/linux-x86_64 --sysroot=/home/daneel/Android/Sdk/ndk/21.1.6352462/toolchains/llvm/prebuilt/linux-x86_64/sysroot -g -DANDROID -fdata-sections -ffunction-sections -funwind-tables -fstack-protector-strong -no-canonical-prefixes -mstackrealign -D_FORTIFY_SOURCE=2 -Wformat -Werror=format-security  -Wall -Wextra -Wwrite-strings -Wpointer-arith -Wimplicit-fallthrough -Wshadow -Wvla -Werror   -Wl,--exclude-libs,libgcc.a -Wl,--exclude-libs,libgcc_real.a -Wl,--exclude-libs,libatomic.a -static-libstdc++ -Wl,--build-id -Wl,--fatal-warnings -Wl,--no-undefined -Qunused-arguments -Wl,--gc-sections   CMakeFiles/cmTC_6ce06.dir/CheckSymbolExists.c.o  -o cmTC_6ce06 -latomic -lm 
gmake[1]: Leaving directory '/home/daneel/AndroidStudioProjects/libs/mbedtls/build/x86/CMakeFiles/CMakeTmp'

File /home/daneel/AndroidStudioProjects/libs/mbedtls/build/x86/CMakeFiles/CMakeTmp/CheckSymbolExists.c:
/* */
#include <pthread.h>

int main(int argc, char** argv)
{
  (void)argv;
#ifndef pthread_create
  return ((int*)(&pthread_create))[argc];
#else
  (void)argc;
  return 0;
#endif
}

